DEB [20170918-10:35:50.686] thr=1   paramiko.transport: starting thread (client mode): 0x2d5a518L
DEB [20170918-10:35:50.687] thr=1   paramiko.transport: Local version/idstring: SSH-2.0-paramiko_2.2.1
DEB [20170918-10:35:50.750] thr=1   paramiko.transport: Remote version/idstring: SSH-2.0-OpenSSH_6.6.1
INF [20170918-10:35:50.752] thr=1   paramiko.transport: Connected (version 2.0, client OpenSSH_6.6.1)
DEB [20170918-10:35:50.907] thr=1   paramiko.transport: kex algos:[u'curve25519-sha256@libssh.org', u'ecdh-sha2-nistp256', u'ecdh-sha2-nistp384', u'ecdh-sha2-nistp521', u'diffie-hellman-group-exchange-sha256', u'diffie-hellman-group-exchange-sha1', u'diffie-hellman-group14-sha1', u'diffie-hellman-group1-sha1'] server key:[u'ssh-rsa', u'ecdsa-sha2-nistp256', u'ssh-ed25519'] client encrypt:[u'aes128-ctr', u'aes192-ctr', u'aes256-ctr', u'arcfour256', u'arcfour128', u'aes128-gcm@openssh.com', u'aes256-gcm@openssh.com', u'chacha20-poly1305@openssh.com', u'aes128-cbc', u'3des-cbc', u'blowfish-cbc', u'cast128-cbc', u'aes192-cbc', u'aes256-cbc', u'arcfour', u'rijndael-cbc@lysator.liu.se'] server encrypt:[u'aes128-ctr', u'aes192-ctr', u'aes256-ctr', u'arcfour256', u'arcfour128', u'aes128-gcm@openssh.com', u'aes256-gcm@openssh.com', u'chacha20-poly1305@openssh.com', u'aes128-cbc', u'3des-cbc', u'blowfish-cbc', u'cast128-cbc', u'aes192-cbc', u'aes256-cbc', u'arcfour', u'rijndael-cbc@lysator.liu.se'] client mac:[u'hmac-md5-etm@openssh.com', u'hmac-sha1-etm@openssh.com', u'umac-64-etm@openssh.com', u'umac-128-etm@openssh.com', u'hmac-sha2-256-etm@openssh.com', u'hmac-sha2-512-etm@openssh.com', u'hmac-ripemd160-etm@openssh.com', u'hmac-sha1-96-etm@openssh.com', u'hmac-md5-96-etm@openssh.com', u'hmac-md5', u'hmac-sha1', u'umac-64@openssh.com', u'umac-128@openssh.com', u'hmac-sha2-256', u'hmac-sha2-512', u'hmac-ripemd160', u'hmac-ripemd160@openssh.com', u'hmac-sha1-96', u'hmac-md5-96'] server mac:[u'hmac-md5-etm@openssh.com', u'hmac-sha1-etm@openssh.com', u'umac-64-etm@openssh.com', u'umac-128-etm@openssh.com', u'hmac-sha2-256-etm@openssh.com', u'hmac-sha2-512-etm@openssh.com', u'hmac-ripemd160-etm@openssh.com', u'hmac-sha1-96-etm@openssh.com', u'hmac-md5-96-etm@openssh.com', u'hmac-md5', u'hmac-sha1', u'umac-64@openssh.com', u'umac-128@openssh.com', u'hmac-sha2-256', u'hmac-sha2-512', u'hmac-ripemd160', u'hmac-ripemd160@openssh.com', u'hmac-sha1-96', u'hmac-md5-96'] client compress:[u'none', u'zlib@openssh.com'] server compress:[u'none', u'zlib@openssh.com'] client lang:[u''] server lang:[u''] kex follows?False
DEB [20170918-10:35:50.907] thr=1   paramiko.transport: Kex agreed: ecdh-sha2-nistp256
DEB [20170918-10:35:50.907] thr=1   paramiko.transport: HostKey agreed: ssh-ed25519
DEB [20170918-10:35:50.907] thr=1   paramiko.transport: Cipher agreed: aes128-ctr
DEB [20170918-10:35:50.907] thr=1   paramiko.transport: MAC agreed: hmac-sha2-256
DEB [20170918-10:35:50.907] thr=1   paramiko.transport: Compression agreed: none
DEB [20170918-10:35:51.164] thr=1   paramiko.transport: kex engine KexNistp256 specified hash_algo <built-in function openssl_sha256>
DEB [20170918-10:35:51.165] thr=1   paramiko.transport: Switch to new keys ...
DEB [20170918-10:35:51.187] thr=2   paramiko.transport: Adding ssh-ed25519 host key for 10.10.100.59: bec31174aa25d27b9f9fcdab1b1a361c
DEB [20170918-10:35:51.194] thr=2   paramiko.transport: Trying discovered key 759724079b3f72d01ab1a5c2f8d767dd in C:\Users\Administrator/.ssh/id_rsa
DEB [20170918-10:35:51.368] thr=1   paramiko.transport: userauth is OK
INF [20170918-10:35:51.428] thr=1   paramiko.transport: Authentication (publickey) failed.
DEB [20170918-10:35:51.562] thr=1   paramiko.transport: userauth is OK
INF [20170918-10:35:51.700] thr=1   paramiko.transport: Authentication (password) successful!
DEB [20170918-10:35:51.726] thr=2   paramiko.transport: [chan 0] Max packet in: 32768 bytes
DEB [20170918-10:35:51.956] thr=1   paramiko.transport: [chan 0] Max packet out: 32768 bytes
DEB [20170918-10:35:51.956] thr=1   paramiko.transport: Secsh channel 0 opened.
DEB [20170918-10:35:52.105] thr=1   paramiko.transport: [chan 0] Sesch channel 0 request ok
DEB [20170918-10:35:54.334] thr=1   paramiko.transport: [chan 0] EOF received (0)
DEB [20170918-10:35:54.335] thr=1   paramiko.transport: [chan 0] EOF sent (0)
DEB [20170918-10:35:54.338] thr=1   paramiko.transport: EOF in transport thread
DEB [20170918-10:35:58.325] thr=1   paramiko.transport: [chan 0] Unhandled channel request "keepalive@openssh.com"
DEB [20170918-10:36:39.197] thr=1   paramiko.transport: [chan 0] Unhandled channel request "keepalive@openssh.com"
DEB [20170918-10:36:58.403] thr=1   paramiko.transport: [chan 0] Unhandled channel request "keepalive@openssh.com"
DEB [20170918-10:37:39.295] thr=1   paramiko.transport: [chan 0] Unhandled channel request "keepalive@openssh.com"
DEB [20170918-10:37:58.515] thr=1   paramiko.transport: [chan 0] Unhandled channel request "keepalive@openssh.com"
DEB [20170918-10:38:39.378] thr=1   paramiko.transport: [chan 0] Unhandled channel request "keepalive@openssh.com"
DEB [20170918-10:38:58.592] thr=1   paramiko.transport: [chan 0] Unhandled channel request "keepalive@openssh.com"
DEB [20170918-10:39:39.457] thr=1   paramiko.transport: [chan 0] Unhandled channel request "keepalive@openssh.com"
DEB [20170918-10:39:58.871] thr=1   paramiko.transport: [chan 0] Unhandled channel request "keepalive@openssh.com"
DEB [20170918-10:40:39.553] thr=1   paramiko.transport: [chan 0] Unhandled channel request "keepalive@openssh.com"
DEB [20170918-10:41:00.121] thr=1   paramiko.transport: [chan 0] Unhandled channel request "keepalive@openssh.com"
DEB [20170918-10:41:39.641] thr=1   paramiko.transport: [chan 0] Unhandled channel request "keepalive@openssh.com"
DEB [20170918-10:42:00.378] thr=1   paramiko.transport: [chan 0] Unhandled channel request "keepalive@openssh.com"
DEB [20170918-10:42:39.730] thr=1   paramiko.transport: [chan 0] Unhandled channel request "keepalive@openssh.com"
DEB [20170918-10:43:00.792] thr=1   paramiko.transport: [chan 0] Unhandled channel request "keepalive@openssh.com"
DEB [20170918-10:43:39.857] thr=1   paramiko.transport: [chan 0] Unhandled channel request "keepalive@openssh.com"
DEB [20170918-10:44:00.862] thr=1   paramiko.transport: [chan 0] Unhandled channel request "keepalive@openssh.com"
DEB [20170918-10:44:40.019] thr=1   paramiko.transport: [chan 0] Unhandled channel request "keepalive@openssh.com"
DEB [20170918-10:45:01.121] thr=1   paramiko.transport: [chan 0] Unhandled channel request "keepalive@openssh.com"
DEB [20170918-10:45:40.329] thr=1   paramiko.transport: [chan 0] Unhandled channel request "keepalive@openssh.com"
DEB [20170918-10:45:44.203] thr=1   paramiko.transport: starting thread (client mode): 0x31aa518L
DEB [20170918-10:45:44.203] thr=1   paramiko.transport: Local version/idstring: SSH-2.0-paramiko_2.2.1
DEB [20170918-10:45:44.253] thr=1   paramiko.transport: Remote version/idstring: SSH-2.0-OpenSSH_6.6.1
INF [20170918-10:45:44.253] thr=1   paramiko.transport: Connected (version 2.0, client OpenSSH_6.6.1)
DEB [20170918-10:45:44.355] thr=1   paramiko.transport: kex algos:[u'curve25519-sha256@libssh.org', u'ecdh-sha2-nistp256', u'ecdh-sha2-nistp384', u'ecdh-sha2-nistp521', u'diffie-hellman-group-exchange-sha256', u'diffie-hellman-group-exchange-sha1', u'diffie-hellman-group14-sha1', u'diffie-hellman-group1-sha1'] server key:[u'ssh-rsa', u'ecdsa-sha2-nistp256', u'ssh-ed25519'] client encrypt:[u'aes128-ctr', u'aes192-ctr', u'aes256-ctr', u'arcfour256', u'arcfour128', u'aes128-gcm@openssh.com', u'aes256-gcm@openssh.com', u'chacha20-poly1305@openssh.com', u'aes128-cbc', u'3des-cbc', u'blowfish-cbc', u'cast128-cbc', u'aes192-cbc', u'aes256-cbc', u'arcfour', u'rijndael-cbc@lysator.liu.se'] server encrypt:[u'aes128-ctr', u'aes192-ctr', u'aes256-ctr', u'arcfour256', u'arcfour128', u'aes128-gcm@openssh.com', u'aes256-gcm@openssh.com', u'chacha20-poly1305@openssh.com', u'aes128-cbc', u'3des-cbc', u'blowfish-cbc', u'cast128-cbc', u'aes192-cbc', u'aes256-cbc', u'arcfour', u'rijndael-cbc@lysator.liu.se'] client mac:[u'hmac-md5-etm@openssh.com', u'hmac-sha1-etm@openssh.com', u'umac-64-etm@openssh.com', u'umac-128-etm@openssh.com', u'hmac-sha2-256-etm@openssh.com', u'hmac-sha2-512-etm@openssh.com', u'hmac-ripemd160-etm@openssh.com', u'hmac-sha1-96-etm@openssh.com', u'hmac-md5-96-etm@openssh.com', u'hmac-md5', u'hmac-sha1', u'umac-64@openssh.com', u'umac-128@openssh.com', u'hmac-sha2-256', u'hmac-sha2-512', u'hmac-ripemd160', u'hmac-ripemd160@openssh.com', u'hmac-sha1-96', u'hmac-md5-96'] server mac:[u'hmac-md5-etm@openssh.com', u'hmac-sha1-etm@openssh.com', u'umac-64-etm@openssh.com', u'umac-128-etm@openssh.com', u'hmac-sha2-256-etm@openssh.com', u'hmac-sha2-512-etm@openssh.com', u'hmac-ripemd160-etm@openssh.com', u'hmac-sha1-96-etm@openssh.com', u'hmac-md5-96-etm@openssh.com', u'hmac-md5', u'hmac-sha1', u'umac-64@openssh.com', u'umac-128@openssh.com', u'hmac-sha2-256', u'hmac-sha2-512', u'hmac-ripemd160', u'hmac-ripemd160@openssh.com', u'hmac-sha1-96', u'hmac-md5-96'] client compress:[u'none', u'zlib@openssh.com'] server compress:[u'none', u'zlib@openssh.com'] client lang:[u''] server lang:[u''] kex follows?False
DEB [20170918-10:45:44.355] thr=1   paramiko.transport: Kex agreed: ecdh-sha2-nistp256
DEB [20170918-10:45:44.355] thr=1   paramiko.transport: HostKey agreed: ssh-ed25519
DEB [20170918-10:45:44.355] thr=1   paramiko.transport: Cipher agreed: aes128-ctr
DEB [20170918-10:45:44.355] thr=1   paramiko.transport: MAC agreed: hmac-sha2-256
DEB [20170918-10:45:44.355] thr=1   paramiko.transport: Compression agreed: none
DEB [20170918-10:45:44.986] thr=1   paramiko.transport: kex engine KexNistp256 specified hash_algo <built-in function openssl_sha256>
DEB [20170918-10:45:44.987] thr=1   paramiko.transport: Switch to new keys ...
DEB [20170918-10:45:45.005] thr=2   paramiko.transport: Adding ssh-ed25519 host key for 10.10.100.59: bec31174aa25d27b9f9fcdab1b1a361c
DEB [20170918-10:45:45.010] thr=2   paramiko.transport: Trying discovered key 759724079b3f72d01ab1a5c2f8d767dd in C:\Users\Administrator/.ssh/id_rsa
DEB [20170918-10:45:45.170] thr=1   paramiko.transport: userauth is OK
INF [20170918-10:45:45.325] thr=1   paramiko.transport: Authentication (publickey) failed.
DEB [20170918-10:45:45.430] thr=1   paramiko.transport: userauth is OK
INF [20170918-10:45:45.581] thr=1   paramiko.transport: Authentication (password) successful!
DEB [20170918-10:45:45.592] thr=2   paramiko.transport: [chan 0] Max packet in: 32768 bytes
DEB [20170918-10:46:00.921] thr=1   paramiko.transport: [chan 0] Max packet out: 32768 bytes
DEB [20170918-10:46:00.921] thr=1   paramiko.transport: Secsh channel 0 opened.
DEB [20170918-10:46:01.203] thr=1   paramiko.transport: [chan 0] Unhandled channel request "keepalive@openssh.com"
DEB [20170918-10:46:11.084] thr=1   paramiko.transport: [chan 0] Sesch channel 0 request ok
DEB [20170918-10:46:18.398] thr=1   paramiko.transport: [chan 0] EOF received (0)
DEB [20170918-10:46:18.401] thr=1   paramiko.transport: [chan 0] EOF sent (0)
DEB [20170918-10:46:18.403] thr=2   paramiko.transport: [chan 1] Max packet in: 32768 bytes
DEB [20170918-10:46:28.486] thr=1   paramiko.transport: [chan 1] Max packet out: 32768 bytes
DEB [20170918-10:46:28.486] thr=1   paramiko.transport: Secsh channel 1 opened.
DEB [20170918-10:46:38.595] thr=1   paramiko.transport: [chan 1] Sesch channel 1 request ok
DEB [20170918-10:46:40.430] thr=1   paramiko.transport: [chan 0] Unhandled channel request "keepalive@openssh.com"
DEB [20170918-10:46:44.365] thr=1   paramiko.transport: [chan 1] EOF received (1)
DEB [20170918-10:46:44.365] thr=1   paramiko.transport: [chan 1] EOF sent (1)
DEB [20170918-10:46:44.469] thr=1   paramiko.transport: EOF in transport thread
DEB [20170918-10:47:01.334] thr=1   paramiko.transport: [chan 0] Unhandled channel request "keepalive@openssh.com"
DEB [20170918-10:47:40.556] thr=1   paramiko.transport: [chan 0] Unhandled channel request "keepalive@openssh.com"
DEB [20170918-10:48:01.427] thr=1   paramiko.transport: [chan 0] Unhandled channel request "keepalive@openssh.com"
DEB [20170918-10:48:41.313] thr=1   paramiko.transport: [chan 0] Unhandled channel request "keepalive@openssh.com"
DEB [20170918-10:49:01.517] thr=1   paramiko.transport: [chan 0] Unhandled channel request "keepalive@openssh.com"
DEB [20170918-10:49:41.438] thr=1   paramiko.transport: [chan 0] Unhandled channel request "keepalive@openssh.com"
DEB [20170918-10:50:01.607] thr=1   paramiko.transport: [chan 0] Unhandled channel request "keepalive@openssh.com"
DEB [20170918-10:50:41.549] thr=1   paramiko.transport: [chan 0] Unhandled channel request "keepalive@openssh.com"
DEB [20170918-10:51:01.687] thr=1   paramiko.transport: [chan 0] Unhandled channel request "keepalive@openssh.com"
DEB [20170918-10:51:41.641] thr=1   paramiko.transport: [chan 0] Unhandled channel request "keepalive@openssh.com"
DEB [20170918-10:52:01.808] thr=1   paramiko.transport: [chan 0] Unhandled channel request "keepalive@openssh.com"
DEB [20170918-10:52:10.451] thr=1   paramiko.transport: starting thread (client mode): 0x35fa518L
DEB [20170918-10:52:10.451] thr=1   paramiko.transport: Local version/idstring: SSH-2.0-paramiko_2.2.1
DEB [20170918-10:52:10.509] thr=1   paramiko.transport: Remote version/idstring: SSH-2.0-OpenSSH_6.6.1
INF [20170918-10:52:10.509] thr=1   paramiko.transport: Connected (version 2.0, client OpenSSH_6.6.1)
DEB [20170918-10:52:10.767] thr=1   paramiko.transport: kex algos:[u'curve25519-sha256@libssh.org', u'ecdh-sha2-nistp256', u'ecdh-sha2-nistp384', u'ecdh-sha2-nistp521', u'diffie-hellman-group-exchange-sha256', u'diffie-hellman-group-exchange-sha1', u'diffie-hellman-group14-sha1', u'diffie-hellman-group1-sha1'] server key:[u'ssh-rsa', u'ecdsa-sha2-nistp256', u'ssh-ed25519'] client encrypt:[u'aes128-ctr', u'aes192-ctr', u'aes256-ctr', u'arcfour256', u'arcfour128', u'aes128-gcm@openssh.com', u'aes256-gcm@openssh.com', u'chacha20-poly1305@openssh.com', u'aes128-cbc', u'3des-cbc', u'blowfish-cbc', u'cast128-cbc', u'aes192-cbc', u'aes256-cbc', u'arcfour', u'rijndael-cbc@lysator.liu.se'] server encrypt:[u'aes128-ctr', u'aes192-ctr', u'aes256-ctr', u'arcfour256', u'arcfour128', u'aes128-gcm@openssh.com', u'aes256-gcm@openssh.com', u'chacha20-poly1305@openssh.com', u'aes128-cbc', u'3des-cbc', u'blowfish-cbc', u'cast128-cbc', u'aes192-cbc', u'aes256-cbc', u'arcfour', u'rijndael-cbc@lysator.liu.se'] client mac:[u'hmac-md5-etm@openssh.com', u'hmac-sha1-etm@openssh.com', u'umac-64-etm@openssh.com', u'umac-128-etm@openssh.com', u'hmac-sha2-256-etm@openssh.com', u'hmac-sha2-512-etm@openssh.com', u'hmac-ripemd160-etm@openssh.com', u'hmac-sha1-96-etm@openssh.com', u'hmac-md5-96-etm@openssh.com', u'hmac-md5', u'hmac-sha1', u'umac-64@openssh.com', u'umac-128@openssh.com', u'hmac-sha2-256', u'hmac-sha2-512', u'hmac-ripemd160', u'hmac-ripemd160@openssh.com', u'hmac-sha1-96', u'hmac-md5-96'] server mac:[u'hmac-md5-etm@openssh.com', u'hmac-sha1-etm@openssh.com', u'umac-64-etm@openssh.com', u'umac-128-etm@openssh.com', u'hmac-sha2-256-etm@openssh.com', u'hmac-sha2-512-etm@openssh.com', u'hmac-ripemd160-etm@openssh.com', u'hmac-sha1-96-etm@openssh.com', u'hmac-md5-96-etm@openssh.com', u'hmac-md5', u'hmac-sha1', u'umac-64@openssh.com', u'umac-128@openssh.com', u'hmac-sha2-256', u'hmac-sha2-512', u'hmac-ripemd160', u'hmac-ripemd160@openssh.com', u'hmac-sha1-96', u'hmac-md5-96'] client compress:[u'none', u'zlib@openssh.com'] server compress:[u'none', u'zlib@openssh.com'] client lang:[u''] server lang:[u''] kex follows?False
DEB [20170918-10:52:10.769] thr=1   paramiko.transport: Kex agreed: ecdh-sha2-nistp256
DEB [20170918-10:52:10.769] thr=1   paramiko.transport: HostKey agreed: ssh-ed25519
DEB [20170918-10:52:10.769] thr=1   paramiko.transport: Cipher agreed: aes128-ctr
DEB [20170918-10:52:10.769] thr=1   paramiko.transport: MAC agreed: hmac-sha2-256
DEB [20170918-10:52:10.769] thr=1   paramiko.transport: Compression agreed: none
DEB [20170918-10:52:11.125] thr=1   paramiko.transport: kex engine KexNistp256 specified hash_algo <built-in function openssl_sha256>
DEB [20170918-10:52:11.125] thr=1   paramiko.transport: Switch to new keys ...
DEB [20170918-10:52:11.151] thr=2   paramiko.transport: Adding ssh-ed25519 host key for 10.10.100.59: bec31174aa25d27b9f9fcdab1b1a361c
DEB [20170918-10:52:11.157] thr=2   paramiko.transport: Trying discovered key 759724079b3f72d01ab1a5c2f8d767dd in C:\Users\Administrator/.ssh/id_rsa
DEB [20170918-10:52:11.372] thr=1   paramiko.transport: userauth is OK
INF [20170918-10:52:11.887] thr=1   paramiko.transport: Authentication (publickey) failed.
DEB [20170918-10:52:12.453] thr=1   paramiko.transport: userauth is OK
INF [20170918-10:52:12.614] thr=1   paramiko.transport: Authentication (password) successful!
DEB [20170918-10:52:12.624] thr=2   paramiko.transport: [chan 0] Max packet in: 32768 bytes
DEB [20170918-10:52:12.772] thr=1   paramiko.transport: [chan 0] Max packet out: 32768 bytes
DEB [20170918-10:52:12.773] thr=1   paramiko.transport: Secsh channel 0 opened.
DEB [20170918-10:52:12.894] thr=1   paramiko.transport: [chan 0] Sesch channel 0 request ok
DEB [20170918-10:52:15.104] thr=1   paramiko.transport: [chan 0] EOF received (0)
DEB [20170918-10:52:31.740] thr=1   paramiko.transport: starting thread (client mode): 0x357a518L
DEB [20170918-10:52:31.740] thr=1   paramiko.transport: Local version/idstring: SSH-2.0-paramiko_2.2.1
DEB [20170918-10:52:31.782] thr=1   paramiko.transport: Remote version/idstring: SSH-2.0-OpenSSH_6.6.1
INF [20170918-10:52:31.782] thr=1   paramiko.transport: Connected (version 2.0, client OpenSSH_6.6.1)
DEB [20170918-10:52:31.881] thr=1   paramiko.transport: kex algos:[u'curve25519-sha256@libssh.org', u'ecdh-sha2-nistp256', u'ecdh-sha2-nistp384', u'ecdh-sha2-nistp521', u'diffie-hellman-group-exchange-sha256', u'diffie-hellman-group-exchange-sha1', u'diffie-hellman-group14-sha1', u'diffie-hellman-group1-sha1'] server key:[u'ssh-rsa', u'ecdsa-sha2-nistp256', u'ssh-ed25519'] client encrypt:[u'aes128-ctr', u'aes192-ctr', u'aes256-ctr', u'arcfour256', u'arcfour128', u'aes128-gcm@openssh.com', u'aes256-gcm@openssh.com', u'chacha20-poly1305@openssh.com', u'aes128-cbc', u'3des-cbc', u'blowfish-cbc', u'cast128-cbc', u'aes192-cbc', u'aes256-cbc', u'arcfour', u'rijndael-cbc@lysator.liu.se'] server encrypt:[u'aes128-ctr', u'aes192-ctr', u'aes256-ctr', u'arcfour256', u'arcfour128', u'aes128-gcm@openssh.com', u'aes256-gcm@openssh.com', u'chacha20-poly1305@openssh.com', u'aes128-cbc', u'3des-cbc', u'blowfish-cbc', u'cast128-cbc', u'aes192-cbc', u'aes256-cbc', u'arcfour', u'rijndael-cbc@lysator.liu.se'] client mac:[u'hmac-md5-etm@openssh.com', u'hmac-sha1-etm@openssh.com', u'umac-64-etm@openssh.com', u'umac-128-etm@openssh.com', u'hmac-sha2-256-etm@openssh.com', u'hmac-sha2-512-etm@openssh.com', u'hmac-ripemd160-etm@openssh.com', u'hmac-sha1-96-etm@openssh.com', u'hmac-md5-96-etm@openssh.com', u'hmac-md5', u'hmac-sha1', u'umac-64@openssh.com', u'umac-128@openssh.com', u'hmac-sha2-256', u'hmac-sha2-512', u'hmac-ripemd160', u'hmac-ripemd160@openssh.com', u'hmac-sha1-96', u'hmac-md5-96'] server mac:[u'hmac-md5-etm@openssh.com', u'hmac-sha1-etm@openssh.com', u'umac-64-etm@openssh.com', u'umac-128-etm@openssh.com', u'hmac-sha2-256-etm@openssh.com', u'hmac-sha2-512-etm@openssh.com', u'hmac-ripemd160-etm@openssh.com', u'hmac-sha1-96-etm@openssh.com', u'hmac-md5-96-etm@openssh.com', u'hmac-md5', u'hmac-sha1', u'umac-64@openssh.com', u'umac-128@openssh.com', u'hmac-sha2-256', u'hmac-sha2-512', u'hmac-ripemd160', u'hmac-ripemd160@openssh.com', u'hmac-sha1-96', u'hmac-md5-96'] client compress:[u'none', u'zlib@openssh.com'] server compress:[u'none', u'zlib@openssh.com'] client lang:[u''] server lang:[u''] kex follows?False
DEB [20170918-10:52:31.882] thr=1   paramiko.transport: Kex agreed: ecdh-sha2-nistp256
DEB [20170918-10:52:31.882] thr=1   paramiko.transport: HostKey agreed: ssh-ed25519
DEB [20170918-10:52:31.882] thr=1   paramiko.transport: Cipher agreed: aes128-ctr
DEB [20170918-10:52:31.882] thr=1   paramiko.transport: MAC agreed: hmac-sha2-256
DEB [20170918-10:52:31.882] thr=1   paramiko.transport: Compression agreed: none
DEB [20170918-10:52:32.065] thr=1   paramiko.transport: kex engine KexNistp256 specified hash_algo <built-in function openssl_sha256>
DEB [20170918-10:52:32.065] thr=1   paramiko.transport: Switch to new keys ...
DEB [20170918-10:52:32.072] thr=2   paramiko.transport: Adding ssh-ed25519 host key for 10.10.100.59: bec31174aa25d27b9f9fcdab1b1a361c
DEB [20170918-10:52:32.079] thr=2   paramiko.transport: Trying discovered key 759724079b3f72d01ab1a5c2f8d767dd in C:\Users\Administrator/.ssh/id_rsa
DEB [20170918-10:52:32.994] thr=1   paramiko.transport: userauth is OK
INF [20170918-10:52:33.407] thr=1   paramiko.transport: Authentication (publickey) failed.
DEB [20170918-10:52:33.971] thr=1   paramiko.transport: userauth is OK
INF [20170918-10:52:34.119] thr=1   paramiko.transport: Authentication (password) successful!
DEB [20170918-10:52:34.122] thr=2   paramiko.transport: [chan 0] Max packet in: 32768 bytes
DEB [20170918-10:52:35.944] thr=1   paramiko.transport: [chan 0] Max packet out: 32768 bytes
DEB [20170918-10:52:35.944] thr=1   paramiko.transport: Secsh channel 0 opened.
DEB [20170918-10:52:37.410] thr=1   paramiko.transport: [chan 0] Sesch channel 0 request ok
DEB [20170918-10:52:43.338] thr=1   paramiko.transport: [chan 0] Unhandled channel request "keepalive@openssh.com"
DEB [20170918-10:53:01.951] thr=1   paramiko.transport: [chan 0] Unhandled channel request "keepalive@openssh.com"
DEB [20170918-10:53:43.821] thr=1   paramiko.transport: [chan 0] Unhandled channel request "keepalive@openssh.com"
DEB [20170918-10:54:02.049] thr=1   paramiko.transport: [chan 0] Unhandled channel request "keepalive@openssh.com"
DEB [20170918-10:54:18.177] thr=1   paramiko.transport: starting thread (client mode): 0x360a518L
DEB [20170918-10:54:18.177] thr=1   paramiko.transport: Local version/idstring: SSH-2.0-paramiko_2.2.1
DEB [20170918-10:54:18.240] thr=1   paramiko.transport: Remote version/idstring: SSH-2.0-OpenSSH_6.6.1
INF [20170918-10:54:18.240] thr=1   paramiko.transport: Connected (version 2.0, client OpenSSH_6.6.1)
DEB [20170918-10:54:18.395] thr=1   paramiko.transport: kex algos:[u'curve25519-sha256@libssh.org', u'ecdh-sha2-nistp256', u'ecdh-sha2-nistp384', u'ecdh-sha2-nistp521', u'diffie-hellman-group-exchange-sha256', u'diffie-hellman-group-exchange-sha1', u'diffie-hellman-group14-sha1', u'diffie-hellman-group1-sha1'] server key:[u'ssh-rsa', u'ecdsa-sha2-nistp256', u'ssh-ed25519'] client encrypt:[u'aes128-ctr', u'aes192-ctr', u'aes256-ctr', u'arcfour256', u'arcfour128', u'aes128-gcm@openssh.com', u'aes256-gcm@openssh.com', u'chacha20-poly1305@openssh.com', u'aes128-cbc', u'3des-cbc', u'blowfish-cbc', u'cast128-cbc', u'aes192-cbc', u'aes256-cbc', u'arcfour', u'rijndael-cbc@lysator.liu.se'] server encrypt:[u'aes128-ctr', u'aes192-ctr', u'aes256-ctr', u'arcfour256', u'arcfour128', u'aes128-gcm@openssh.com', u'aes256-gcm@openssh.com', u'chacha20-poly1305@openssh.com', u'aes128-cbc', u'3des-cbc', u'blowfish-cbc', u'cast128-cbc', u'aes192-cbc', u'aes256-cbc', u'arcfour', u'rijndael-cbc@lysator.liu.se'] client mac:[u'hmac-md5-etm@openssh.com', u'hmac-sha1-etm@openssh.com', u'umac-64-etm@openssh.com', u'umac-128-etm@openssh.com', u'hmac-sha2-256-etm@openssh.com', u'hmac-sha2-512-etm@openssh.com', u'hmac-ripemd160-etm@openssh.com', u'hmac-sha1-96-etm@openssh.com', u'hmac-md5-96-etm@openssh.com', u'hmac-md5', u'hmac-sha1', u'umac-64@openssh.com', u'umac-128@openssh.com', u'hmac-sha2-256', u'hmac-sha2-512', u'hmac-ripemd160', u'hmac-ripemd160@openssh.com', u'hmac-sha1-96', u'hmac-md5-96'] server mac:[u'hmac-md5-etm@openssh.com', u'hmac-sha1-etm@openssh.com', u'umac-64-etm@openssh.com', u'umac-128-etm@openssh.com', u'hmac-sha2-256-etm@openssh.com', u'hmac-sha2-512-etm@openssh.com', u'hmac-ripemd160-etm@openssh.com', u'hmac-sha1-96-etm@openssh.com', u'hmac-md5-96-etm@openssh.com', u'hmac-md5', u'hmac-sha1', u'umac-64@openssh.com', u'umac-128@openssh.com', u'hmac-sha2-256', u'hmac-sha2-512', u'hmac-ripemd160', u'hmac-ripemd160@openssh.com', u'hmac-sha1-96', u'hmac-md5-96'] client compress:[u'none', u'zlib@openssh.com'] server compress:[u'none', u'zlib@openssh.com'] client lang:[u''] server lang:[u''] kex follows?False
DEB [20170918-10:54:18.397] thr=1   paramiko.transport: Kex agreed: ecdh-sha2-nistp256
DEB [20170918-10:54:18.397] thr=1   paramiko.transport: HostKey agreed: ssh-ed25519
DEB [20170918-10:54:18.397] thr=1   paramiko.transport: Cipher agreed: aes128-ctr
DEB [20170918-10:54:18.398] thr=1   paramiko.transport: MAC agreed: hmac-sha2-256
DEB [20170918-10:54:18.398] thr=1   paramiko.transport: Compression agreed: none
DEB [20170918-10:54:18.967] thr=1   paramiko.transport: kex engine KexNistp256 specified hash_algo <built-in function openssl_sha256>
DEB [20170918-10:54:18.967] thr=1   paramiko.transport: Switch to new keys ...
DEB [20170918-10:54:18.980] thr=2   paramiko.transport: Adding ssh-ed25519 host key for 10.10.100.59: bec31174aa25d27b9f9fcdab1b1a361c
DEB [20170918-10:54:18.987] thr=2   paramiko.transport: Trying discovered key 759724079b3f72d01ab1a5c2f8d767dd in C:\Users\Administrator/.ssh/id_rsa
DEB [20170918-10:54:19.153] thr=1   paramiko.transport: userauth is OK
INF [20170918-10:54:19.296] thr=1   paramiko.transport: Authentication (publickey) failed.
DEB [20170918-10:54:19.405] thr=1   paramiko.transport: userauth is OK
INF [20170918-10:54:19.582] thr=1   paramiko.transport: Authentication (password) successful!
DEB [20170918-10:54:19.605] thr=2   paramiko.transport: [chan 0] Max packet in: 32768 bytes
DEB [20170918-10:54:19.746] thr=1   paramiko.transport: [chan 0] Max packet out: 32768 bytes
DEB [20170918-10:54:19.747] thr=1   paramiko.transport: Secsh channel 0 opened.
DEB [20170918-10:54:20.013] thr=1   paramiko.transport: [chan 0] Sesch channel 0 request ok
DEB [20170918-10:54:22.237] thr=1   paramiko.transport: [chan 0] EOF received (0)
DEB [20170918-10:54:22.240] thr=1   paramiko.transport: [chan 0] EOF sent (0)
DEB [20170918-10:54:22.243] thr=2   paramiko.transport: [chan 1] Max packet in: 32768 bytes
DEB [20170918-10:54:22.645] thr=1   paramiko.transport: [chan 1] Max packet out: 32768 bytes
DEB [20170918-10:54:22.645] thr=1   paramiko.transport: Secsh channel 1 opened.
DEB [20170918-10:54:22.753] thr=1   paramiko.transport: [chan 1] Sesch channel 1 request ok
DEB [20170918-10:54:23.413] thr=1   paramiko.transport: [chan 1] EOF received (1)
DEB [20170918-10:54:23.414] thr=1   paramiko.transport: [chan 1] EOF sent (1)
DEB [20170918-10:54:23.515] thr=1   paramiko.transport: EOF in transport thread
DEB [20170918-10:54:43.933] thr=1   paramiko.transport: [chan 0] Unhandled channel request "keepalive@openssh.com"
DEB [20170918-10:55:02.247] thr=1   paramiko.transport: [chan 0] Unhandled channel request "keepalive@openssh.com"
DEB [20170918-10:55:44.032] thr=1   paramiko.transport: [chan 0] Unhandled channel request "keepalive@openssh.com"
DEB [20170918-10:56:02.316] thr=1   paramiko.transport: [chan 0] Unhandled channel request "keepalive@openssh.com"
DEB [20170918-10:56:44.107] thr=1   paramiko.transport: [chan 0] Unhandled channel request "keepalive@openssh.com"
DEB [20170918-10:57:02.411] thr=1   paramiko.transport: [chan 0] Unhandled channel request "keepalive@openssh.com"
DEB [20170918-10:57:28.796] thr=1   paramiko.transport: starting thread (client mode): 0x2d9b518L
DEB [20170918-10:57:28.796] thr=1   paramiko.transport: Local version/idstring: SSH-2.0-paramiko_2.2.1
DEB [20170918-10:57:28.901] thr=1   paramiko.transport: Remote version/idstring: SSH-2.0-OpenSSH_6.6.1
INF [20170918-10:57:28.901] thr=1   paramiko.transport: Connected (version 2.0, client OpenSSH_6.6.1)
DEB [20170918-10:57:28.999] thr=1   paramiko.transport: kex algos:[u'curve25519-sha256@libssh.org', u'ecdh-sha2-nistp256', u'ecdh-sha2-nistp384', u'ecdh-sha2-nistp521', u'diffie-hellman-group-exchange-sha256', u'diffie-hellman-group-exchange-sha1', u'diffie-hellman-group14-sha1', u'diffie-hellman-group1-sha1'] server key:[u'ssh-rsa', u'ecdsa-sha2-nistp256', u'ssh-ed25519'] client encrypt:[u'aes128-ctr', u'aes192-ctr', u'aes256-ctr', u'arcfour256', u'arcfour128', u'aes128-gcm@openssh.com', u'aes256-gcm@openssh.com', u'chacha20-poly1305@openssh.com', u'aes128-cbc', u'3des-cbc', u'blowfish-cbc', u'cast128-cbc', u'aes192-cbc', u'aes256-cbc', u'arcfour', u'rijndael-cbc@lysator.liu.se'] server encrypt:[u'aes128-ctr', u'aes192-ctr', u'aes256-ctr', u'arcfour256', u'arcfour128', u'aes128-gcm@openssh.com', u'aes256-gcm@openssh.com', u'chacha20-poly1305@openssh.com', u'aes128-cbc', u'3des-cbc', u'blowfish-cbc', u'cast128-cbc', u'aes192-cbc', u'aes256-cbc', u'arcfour', u'rijndael-cbc@lysator.liu.se'] client mac:[u'hmac-md5-etm@openssh.com', u'hmac-sha1-etm@openssh.com', u'umac-64-etm@openssh.com', u'umac-128-etm@openssh.com', u'hmac-sha2-256-etm@openssh.com', u'hmac-sha2-512-etm@openssh.com', u'hmac-ripemd160-etm@openssh.com', u'hmac-sha1-96-etm@openssh.com', u'hmac-md5-96-etm@openssh.com', u'hmac-md5', u'hmac-sha1', u'umac-64@openssh.com', u'umac-128@openssh.com', u'hmac-sha2-256', u'hmac-sha2-512', u'hmac-ripemd160', u'hmac-ripemd160@openssh.com', u'hmac-sha1-96', u'hmac-md5-96'] server mac:[u'hmac-md5-etm@openssh.com', u'hmac-sha1-etm@openssh.com', u'umac-64-etm@openssh.com', u'umac-128-etm@openssh.com', u'hmac-sha2-256-etm@openssh.com', u'hmac-sha2-512-etm@openssh.com', u'hmac-ripemd160-etm@openssh.com', u'hmac-sha1-96-etm@openssh.com', u'hmac-md5-96-etm@openssh.com', u'hmac-md5', u'hmac-sha1', u'umac-64@openssh.com', u'umac-128@openssh.com', u'hmac-sha2-256', u'hmac-sha2-512', u'hmac-ripemd160', u'hmac-ripemd160@openssh.com', u'hmac-sha1-96', u'hmac-md5-96'] client compress:[u'none', u'zlib@openssh.com'] server compress:[u'none', u'zlib@openssh.com'] client lang:[u''] server lang:[u''] kex follows?False
DEB [20170918-10:57:28.999] thr=1   paramiko.transport: Kex agreed: ecdh-sha2-nistp256
DEB [20170918-10:57:28.999] thr=1   paramiko.transport: HostKey agreed: ssh-ed25519
DEB [20170918-10:57:28.999] thr=1   paramiko.transport: Cipher agreed: aes128-ctr
DEB [20170918-10:57:29.000] thr=1   paramiko.transport: MAC agreed: hmac-sha2-256
DEB [20170918-10:57:29.000] thr=1   paramiko.transport: Compression agreed: none
DEB [20170918-10:57:29.105] thr=1   paramiko.transport: kex engine KexNistp256 specified hash_algo <built-in function openssl_sha256>
DEB [20170918-10:57:29.107] thr=1   paramiko.transport: Switch to new keys ...
DEB [20170918-10:57:29.112] thr=2   paramiko.transport: Adding ssh-ed25519 host key for 10.10.100.59: bec31174aa25d27b9f9fcdab1b1a361c
DEB [20170918-10:57:29.118] thr=2   paramiko.transport: Trying discovered key 759724079b3f72d01ab1a5c2f8d767dd in C:\Users\Administrator/.ssh/id_rsa
DEB [20170918-10:57:29.342] thr=1   paramiko.transport: userauth is OK
INF [20170918-10:57:29.411] thr=1   paramiko.transport: Authentication (publickey) failed.
DEB [20170918-10:57:29.496] thr=1   paramiko.transport: userauth is OK
INF [20170918-10:57:29.796] thr=1   paramiko.transport: Authentication (password) successful!
DEB [20170918-10:57:29.819] thr=2   paramiko.transport: [chan 0] Max packet in: 32768 bytes
DEB [20170918-10:57:44.266] thr=1   paramiko.transport: [chan 0] Unhandled channel request "keepalive@openssh.com"
DEB [20170918-10:57:44.973] thr=1   paramiko.transport: [chan 0] Max packet out: 32768 bytes
DEB [20170918-10:57:44.974] thr=1   paramiko.transport: Secsh channel 0 opened.
DEB [20170918-10:57:55.769] thr=1   paramiko.transport: [chan 0] Sesch channel 0 request ok
DEB [20170918-10:58:02.256] thr=1   paramiko.transport: [chan 0] EOF received (0)
DEB [20170918-10:58:02.256] thr=2   paramiko.transport: [chan 1] Max packet in: 32768 bytes
DEB [20170918-10:58:02.259] thr=1   paramiko.transport: [chan 0] EOF sent (0)
DEB [20170918-10:58:02.365] thr=1   paramiko.transport: [chan 1] Max packet out: 32768 bytes
DEB [20170918-10:58:02.365] thr=1   paramiko.transport: Secsh channel 1 opened.
DEB [20170918-10:58:02.509] thr=1   paramiko.transport: [chan 0] Unhandled channel request "keepalive@openssh.com"
DEB [20170918-10:58:22.477] thr=1   paramiko.transport: [chan 1] Sesch channel 1 request ok
DEB [20170918-10:58:28.243] thr=1   paramiko.transport: [chan 1] EOF received (1)
DEB [20170918-10:58:28.246] thr=1   paramiko.transport: EOF in transport thread
DEB [20170918-10:58:44.355] thr=1   paramiko.transport: [chan 0] Unhandled channel request "keepalive@openssh.com"
DEB [20170918-10:59:02.644] thr=1   paramiko.transport: [chan 0] Unhandled channel request "keepalive@openssh.com"
DEB [20170918-10:59:28.717] thr=1   paramiko.transport: starting thread (client mode): 0x2d8b518L
DEB [20170918-10:59:28.717] thr=1   paramiko.transport: Local version/idstring: SSH-2.0-paramiko_2.2.1
DEB [20170918-10:59:28.766] thr=1   paramiko.transport: Remote version/idstring: SSH-2.0-OpenSSH_6.6.1
INF [20170918-10:59:28.767] thr=1   paramiko.transport: Connected (version 2.0, client OpenSSH_6.6.1)
DEB [20170918-10:59:28.865] thr=1   paramiko.transport: kex algos:[u'curve25519-sha256@libssh.org', u'ecdh-sha2-nistp256', u'ecdh-sha2-nistp384', u'ecdh-sha2-nistp521', u'diffie-hellman-group-exchange-sha256', u'diffie-hellman-group-exchange-sha1', u'diffie-hellman-group14-sha1', u'diffie-hellman-group1-sha1'] server key:[u'ssh-rsa', u'ecdsa-sha2-nistp256', u'ssh-ed25519'] client encrypt:[u'aes128-ctr', u'aes192-ctr', u'aes256-ctr', u'arcfour256', u'arcfour128', u'aes128-gcm@openssh.com', u'aes256-gcm@openssh.com', u'chacha20-poly1305@openssh.com', u'aes128-cbc', u'3des-cbc', u'blowfish-cbc', u'cast128-cbc', u'aes192-cbc', u'aes256-cbc', u'arcfour', u'rijndael-cbc@lysator.liu.se'] server encrypt:[u'aes128-ctr', u'aes192-ctr', u'aes256-ctr', u'arcfour256', u'arcfour128', u'aes128-gcm@openssh.com', u'aes256-gcm@openssh.com', u'chacha20-poly1305@openssh.com', u'aes128-cbc', u'3des-cbc', u'blowfish-cbc', u'cast128-cbc', u'aes192-cbc', u'aes256-cbc', u'arcfour', u'rijndael-cbc@lysator.liu.se'] client mac:[u'hmac-md5-etm@openssh.com', u'hmac-sha1-etm@openssh.com', u'umac-64-etm@openssh.com', u'umac-128-etm@openssh.com', u'hmac-sha2-256-etm@openssh.com', u'hmac-sha2-512-etm@openssh.com', u'hmac-ripemd160-etm@openssh.com', u'hmac-sha1-96-etm@openssh.com', u'hmac-md5-96-etm@openssh.com', u'hmac-md5', u'hmac-sha1', u'umac-64@openssh.com', u'umac-128@openssh.com', u'hmac-sha2-256', u'hmac-sha2-512', u'hmac-ripemd160', u'hmac-ripemd160@openssh.com', u'hmac-sha1-96', u'hmac-md5-96'] server mac:[u'hmac-md5-etm@openssh.com', u'hmac-sha1-etm@openssh.com', u'umac-64-etm@openssh.com', u'umac-128-etm@openssh.com', u'hmac-sha2-256-etm@openssh.com', u'hmac-sha2-512-etm@openssh.com', u'hmac-ripemd160-etm@openssh.com', u'hmac-sha1-96-etm@openssh.com', u'hmac-md5-96-etm@openssh.com', u'hmac-md5', u'hmac-sha1', u'umac-64@openssh.com', u'umac-128@openssh.com', u'hmac-sha2-256', u'hmac-sha2-512', u'hmac-ripemd160', u'hmac-ripemd160@openssh.com', u'hmac-sha1-96', u'hmac-md5-96'] client compress:[u'none', u'zlib@openssh.com'] server compress:[u'none', u'zlib@openssh.com'] client lang:[u''] server lang:[u''] kex follows?False
DEB [20170918-10:59:28.867] thr=1   paramiko.transport: Kex agreed: ecdh-sha2-nistp256
DEB [20170918-10:59:28.868] thr=1   paramiko.transport: HostKey agreed: ssh-ed25519
DEB [20170918-10:59:28.868] thr=1   paramiko.transport: Cipher agreed: aes128-ctr
DEB [20170918-10:59:28.868] thr=1   paramiko.transport: MAC agreed: hmac-sha2-256
DEB [20170918-10:59:28.869] thr=1   paramiko.transport: Compression agreed: none
DEB [20170918-10:59:29.051] thr=1   paramiko.transport: kex engine KexNistp256 specified hash_algo <built-in function openssl_sha256>
DEB [20170918-10:59:29.051] thr=1   paramiko.transport: Switch to new keys ...
DEB [20170918-10:59:29.084] thr=2   paramiko.transport: Adding ssh-ed25519 host key for 10.10.100.59: bec31174aa25d27b9f9fcdab1b1a361c
DEB [20170918-10:59:29.088] thr=2   paramiko.transport: Trying discovered key 759724079b3f72d01ab1a5c2f8d767dd in C:\Users\Administrator/.ssh/id_rsa
DEB [20170918-10:59:29.216] thr=1   paramiko.transport: userauth is OK
INF [20170918-10:59:29.364] thr=1   paramiko.transport: Authentication (publickey) failed.
DEB [20170918-10:59:29.483] thr=1   paramiko.transport: userauth is OK
INF [20170918-10:59:29.555] thr=1   paramiko.transport: Authentication (password) successful!
DEB [20170918-10:59:29.589] thr=2   paramiko.transport: [chan 0] Max packet in: 32768 bytes
DEB [20170918-10:59:29.845] thr=1   paramiko.transport: [chan 0] Max packet out: 32768 bytes
DEB [20170918-10:59:29.845] thr=1   paramiko.transport: Secsh channel 0 opened.
DEB [20170918-10:59:29.957] thr=1   paramiko.transport: [chan 0] Sesch channel 0 request ok
DEB [20170918-10:59:44.401] thr=1   paramiko.transport: [chan 0] Unhandled channel request "keepalive@openssh.com"
DEB [20170918-11:00:02.723] thr=1   paramiko.transport: [chan 0] Unhandled channel request "keepalive@openssh.com"
DEB [20170918-11:00:24.023] thr=1   paramiko.transport: starting thread (client mode): 0x35ab518L
DEB [20170918-11:00:24.023] thr=1   paramiko.transport: Local version/idstring: SSH-2.0-paramiko_2.2.1
DEB [20170918-11:00:24.066] thr=1   paramiko.transport: Remote version/idstring: SSH-2.0-OpenSSH_6.6.1
INF [20170918-11:00:24.068] thr=1   paramiko.transport: Connected (version 2.0, client OpenSSH_6.6.1)
DEB [20170918-11:00:24.140] thr=1   paramiko.transport: kex algos:[u'curve25519-sha256@libssh.org', u'ecdh-sha2-nistp256', u'ecdh-sha2-nistp384', u'ecdh-sha2-nistp521', u'diffie-hellman-group-exchange-sha256', u'diffie-hellman-group-exchange-sha1', u'diffie-hellman-group14-sha1', u'diffie-hellman-group1-sha1'] server key:[u'ssh-rsa', u'ecdsa-sha2-nistp256', u'ssh-ed25519'] client encrypt:[u'aes128-ctr', u'aes192-ctr', u'aes256-ctr', u'arcfour256', u'arcfour128', u'aes128-gcm@openssh.com', u'aes256-gcm@openssh.com', u'chacha20-poly1305@openssh.com', u'aes128-cbc', u'3des-cbc', u'blowfish-cbc', u'cast128-cbc', u'aes192-cbc', u'aes256-cbc', u'arcfour', u'rijndael-cbc@lysator.liu.se'] server encrypt:[u'aes128-ctr', u'aes192-ctr', u'aes256-ctr', u'arcfour256', u'arcfour128', u'aes128-gcm@openssh.com', u'aes256-gcm@openssh.com', u'chacha20-poly1305@openssh.com', u'aes128-cbc', u'3des-cbc', u'blowfish-cbc', u'cast128-cbc', u'aes192-cbc', u'aes256-cbc', u'arcfour', u'rijndael-cbc@lysator.liu.se'] client mac:[u'hmac-md5-etm@openssh.com', u'hmac-sha1-etm@openssh.com', u'umac-64-etm@openssh.com', u'umac-128-etm@openssh.com', u'hmac-sha2-256-etm@openssh.com', u'hmac-sha2-512-etm@openssh.com', u'hmac-ripemd160-etm@openssh.com', u'hmac-sha1-96-etm@openssh.com', u'hmac-md5-96-etm@openssh.com', u'hmac-md5', u'hmac-sha1', u'umac-64@openssh.com', u'umac-128@openssh.com', u'hmac-sha2-256', u'hmac-sha2-512', u'hmac-ripemd160', u'hmac-ripemd160@openssh.com', u'hmac-sha1-96', u'hmac-md5-96'] server mac:[u'hmac-md5-etm@openssh.com', u'hmac-sha1-etm@openssh.com', u'umac-64-etm@openssh.com', u'umac-128-etm@openssh.com', u'hmac-sha2-256-etm@openssh.com', u'hmac-sha2-512-etm@openssh.com', u'hmac-ripemd160-etm@openssh.com', u'hmac-sha1-96-etm@openssh.com', u'hmac-md5-96-etm@openssh.com', u'hmac-md5', u'hmac-sha1', u'umac-64@openssh.com', u'umac-128@openssh.com', u'hmac-sha2-256', u'hmac-sha2-512', u'hmac-ripemd160', u'hmac-ripemd160@openssh.com', u'hmac-sha1-96', u'hmac-md5-96'] client compress:[u'none', u'zlib@openssh.com'] server compress:[u'none', u'zlib@openssh.com'] client lang:[u''] server lang:[u''] kex follows?False
DEB [20170918-11:00:24.141] thr=1   paramiko.transport: Kex agreed: ecdh-sha2-nistp256
DEB [20170918-11:00:24.141] thr=1   paramiko.transport: HostKey agreed: ssh-ed25519
DEB [20170918-11:00:24.141] thr=1   paramiko.transport: Cipher agreed: aes128-ctr
DEB [20170918-11:00:24.141] thr=1   paramiko.transport: MAC agreed: hmac-sha2-256
DEB [20170918-11:00:24.141] thr=1   paramiko.transport: Compression agreed: none
DEB [20170918-11:00:24.252] thr=1   paramiko.transport: kex engine KexNistp256 specified hash_algo <built-in function openssl_sha256>
DEB [20170918-11:00:24.252] thr=1   paramiko.transport: Switch to new keys ...
DEB [20170918-11:00:24.256] thr=2   paramiko.transport: Adding ssh-ed25519 host key for 10.10.100.59: bec31174aa25d27b9f9fcdab1b1a361c
DEB [20170918-11:00:24.262] thr=2   paramiko.transport: Trying discovered key 759724079b3f72d01ab1a5c2f8d767dd in C:\Users\Administrator/.ssh/id_rsa
DEB [20170918-11:00:24.434] thr=1   paramiko.transport: userauth is OK
INF [20170918-11:00:24.484] thr=1   paramiko.transport: Authentication (publickey) failed.
DEB [20170918-11:00:24.525] thr=1   paramiko.transport: userauth is OK
INF [20170918-11:00:24.598] thr=1   paramiko.transport: Authentication (password) successful!
DEB [20170918-11:00:24.598] thr=2   paramiko.transport: [chan 0] Max packet in: 32768 bytes
DEB [20170918-11:00:24.779] thr=1   paramiko.transport: [chan 0] Max packet out: 32768 bytes
DEB [20170918-11:00:24.779] thr=1   paramiko.transport: Secsh channel 0 opened.
DEB [20170918-11:00:24.897] thr=1   paramiko.transport: [chan 0] Sesch channel 0 request ok
DEB [20170918-11:00:27.171] thr=1   paramiko.transport: [chan 0] EOF received (0)
DEB [20170918-11:00:27.173] thr=2   paramiko.transport: [chan 1] Max packet in: 32768 bytes
DEB [20170918-11:00:27.174] thr=1   paramiko.transport: [chan 0] EOF sent (0)
DEB [20170918-11:00:27.221] thr=1   paramiko.transport: [chan 1] Max packet out: 32768 bytes
DEB [20170918-11:00:27.221] thr=1   paramiko.transport: Secsh channel 1 opened.
DEB [20170918-11:00:27.390] thr=1   paramiko.transport: [chan 1] Sesch channel 1 request ok
DEB [20170918-11:00:28.203] thr=1   paramiko.transport: [chan 1] EOF received (1)
DEB [20170918-11:00:44.490] thr=1   paramiko.transport: [chan 0] Unhandled channel request "keepalive@openssh.com"
DEB [20170918-11:01:02.808] thr=1   paramiko.transport: [chan 0] Unhandled channel request "keepalive@openssh.com"
